2011-12-07 09:02:28,097 [main] INFO  pringframework.web.context.ContextLoader -Root WebApplicationContext: initialization started
2011-12-07 09:02:28,317 [main] INFO  context.support.XmlWebApplicationContext -Refreshing Root WebApplicationContext: startup date [Wed Dec 07 09:02:28 CST 2011]; root of context hierarchy
2011-12-07 09:02:28,566 [main] INFO  eans.factory.xml.XmlBeanDefinitionReader -Loading XML bean definitions from URL [file:/D:/Java/tomcat-6.0.33/webapps/CommonContractor/WEB-INF/classes/applicationContext.xml]
2011-12-07 09:02:30,938 [main] INFO  eans.factory.xml.XmlBeanDefinitionReader -Loading XML bean definitions from URL [file:/D:/Java/tomcat-6.0.33/webapps/CommonContractor/WEB-INF/classes/applicationContext-config.xml]
2011-12-07 09:02:30,985 [main] INFO  eans.factory.xml.XmlBeanDefinitionReader -Loading XML bean definitions from URL [file:/D:/Java/tomcat-6.0.33/webapps/CommonContractor/WEB-INF/classes/applicationContext-datasource.xml]
2011-12-07 09:02:31,001 [main] INFO  eans.factory.xml.XmlBeanDefinitionReader -Loading XML bean definitions from URL [file:/D:/Java/tomcat-6.0.33/webapps/CommonContractor/WEB-INF/classes/applicationContext-transaction.xml]
2011-12-07 09:02:31,032 [main] INFO  eans.factory.xml.XmlBeanDefinitionReader -Loading XML bean definitions from URL [file:/D:/Java/tomcat-6.0.33/webapps/CommonContractor/WEB-INF/classes/applicationContext-mybatis.xml]
2011-12-07 09:02:31,048 [main] INFO  ctory.support.DefaultListableBeanFactory -Overriding bean definition for bean 'sqlSessionFactory': replacing [Generic bean: class [org.mybatis.spring.SqlSessionFactoryBean]; scope=; abstract=false; lazyInit=true; autowireMode=0; dependencyCheck=0; autowireCandidate=true; primary=false; factoryBeanName=null; factoryMethodName=null; initMethodName=null; destroyMethodName=null; defined in URL [file:/D:/Java/tomcat-6.0.33/webapps/CommonContractor/WEB-INF/classes/applicationContext-transaction.xml]] with [Generic bean: class [org.mybatis.spring.SqlSessionFactoryBean]; scope=; abstract=false; lazyInit=true; autowireMode=0; dependencyCheck=0; autowireCandidate=true; primary=false; factoryBeanName=null; factoryMethodName=null; initMethodName=null; destroyMethodName=null; defined in URL [file:/D:/Java/tomcat-6.0.33/webapps/CommonContractor/WEB-INF/classes/applicationContext-mybatis.xml]]
2011-12-07 09:02:31,048 [main] INFO  ctory.support.DefaultListableBeanFactory -Overriding bean definition for bean 'sqlSession': replacing [Generic bean: class [org.mybatis.spring.SqlSessionTemplate]; scope=; abstract=false; lazyInit=true; autowireMode=0; dependencyCheck=0; autowireCandidate=true; primary=false; factoryBeanName=null; factoryMethodName=null; initMethodName=null; destroyMethodName=null; defined in URL [file:/D:/Java/tomcat-6.0.33/webapps/CommonContractor/WEB-INF/classes/applicationContext-transaction.xml]] with [Generic bean: class [org.mybatis.spring.SqlSessionTemplate]; scope=; abstract=false; lazyInit=true; autowireMode=0; dependencyCheck=0; autowireCandidate=true; primary=false; factoryBeanName=null; factoryMethodName=null; initMethodName=null; destroyMethodName=null; defined in URL [file:/D:/Java/tomcat-6.0.33/webapps/CommonContractor/WEB-INF/classes/applicationContext-mybatis.xml]]
2011-12-07 09:02:32,261 [main] INFO  ory.config.PropertyPlaceholderConfigurer -Loading properties file from URL [file:/D:/Java/tomcat-6.0.33/webapps/CommonContractor/WEB-INF/classes/application.properties]
2011-12-07 09:02:34,643 [main] WARN  g.mapper.MapperScannerConfigurer$Scanner -Skipping MapperFactoryBean with name 'actionLoggerMapper' and 'com.cabletech.business.mapper.actionlog.ActionLoggerMapper' mapperInterface. Bean already defined with the same name!
2011-12-07 09:02:34,659 [main] WARN  g.mapper.MapperScannerConfigurer$Scanner -Skipping MapperFactoryBean with name 'baseMenuMapper' and 'com.cabletech.business.mapper.commonauthority.BaseMenuMapper' mapperInterface. Bean already defined with the same name!
2011-12-07 09:02:34,659 [main] WARN  g.mapper.MapperScannerConfigurer$Scanner -Skipping MapperFactoryBean with name 'baseOrganizeMapper' and 'com.cabletech.business.mapper.commonauthority.BaseOrganizeMapper' mapperInterface. Bean already defined with the same name!
2011-12-07 09:02:34,659 [main] WARN  g.mapper.MapperScannerConfigurer$Scanner -Skipping MapperFactoryBean with name 'baseOrgRegionMapper' and 'com.cabletech.business.mapper.commonauthority.BaseOrgRegionMapper' mapperInterface. Bean already defined with the same name!
2011-12-07 09:02:34,674 [main] WARN  g.mapper.MapperScannerConfigurer$Scanner -Skipping MapperFactoryBean with name 'baseOrgRelMapper' and 'com.cabletech.business.mapper.commonauthority.BaseOrgRelMapper' mapperInterface. Bean already defined with the same name!
2011-12-07 09:02:34,674 [main] WARN  g.mapper.MapperScannerConfigurer$Scanner -Skipping MapperFactoryBean with name 'basePermissionItemMapper' and 'com.cabletech.business.mapper.commonauthority.BasePermissionItemMapper' mapperInterface. Bean already defined with the same name!
2011-12-07 09:02:34,674 [main] WARN  g.mapper.MapperScannerConfigurer$Scanner -Skipping MapperFactoryBean with name 'basePermissionScopeMapper' and 'com.cabletech.business.mapper.commonauthority.BasePermissionScopeMapper' mapperInterface. Bean already defined with the same name!
2011-12-07 09:02:34,674 [main] WARN  g.mapper.MapperScannerConfigurer$Scanner -Skipping MapperFactoryBean with name 'baseRegionMapper' and 'com.cabletech.business.mapper.commonauthority.BaseRegionMapper' mapperInterface. Bean already defined with the same name!
2011-12-07 09:02:34,674 [main] WARN  g.mapper.MapperScannerConfigurer$Scanner -Skipping MapperFactoryBean with name 'baseRoleMapper' and 'com.cabletech.business.mapper.commonauthority.BaseRoleMapper' mapperInterface. Bean already defined with the same name!
2011-12-07 09:02:34,674 [main] WARN  g.mapper.MapperScannerConfigurer$Scanner -Skipping MapperFactoryBean with name 'baseSysDictionaryMapper' and 'com.cabletech.business.mapper.commonauthority.BaseSysDictionaryMapper' mapperInterface. Bean already defined with the same name!
2011-12-07 09:02:34,674 [main] WARN  g.mapper.MapperScannerConfigurer$Scanner -Skipping MapperFactoryBean with name 'baseUserMapper' and 'com.cabletech.business.mapper.commonauthority.BaseUserMapper' mapperInterface. Bean already defined with the same name!
2011-12-07 09:02:34,674 [main] WARN  g.mapper.MapperScannerConfigurer$Scanner -Skipping MapperFactoryBean with name 'fileLoadMapper' and 'com.cabletech.business.mapper.commonauthority.FileLoadMapper' mapperInterface. Bean already defined with the same name!
2011-12-07 09:02:34,674 [main] WARN  g.mapper.MapperScannerConfigurer$Scanner -Skipping MapperFactoryBean with name 'loginMapper' and 'com.cabletech.business.mapper.commonauthority.LoginMapper' mapperInterface. Bean already defined with the same name!
2011-12-07 09:02:34,674 [main] WARN  g.mapper.MapperScannerConfigurer$Scanner -Skipping MapperFactoryBean with name 'departmentMapper' and 'com.cabletech.business.mapper.information.DepartmentMapper' mapperInterface. Bean already defined with the same name!
2011-12-07 09:02:34,674 [main] WARN  g.mapper.MapperScannerConfigurer$Scanner -Skipping MapperFactoryBean with name 'organizeExtendMapper' and 'com.cabletech.business.mapper.information.OrganizeExtendMapper' mapperInterface. Bean already defined with the same name!
2011-12-07 09:02:34,674 [main] WARN  g.mapper.MapperScannerConfigurer$Scanner -Skipping MapperFactoryBean with name 'orgAptitudeMapper' and 'com.cabletech.business.mapper.information.OrgAptitudeMapper' mapperInterface. Bean already defined with the same name!
2011-12-07 09:02:34,674 [main] WARN  g.mapper.MapperScannerConfigurer$Scanner -Skipping MapperFactoryBean with name 'orgContractMapper' and 'com.cabletech.business.mapper.information.OrgContractMapper' mapperInterface. Bean already defined with the same name!
2011-12-07 09:02:34,674 [main] WARN  g.mapper.MapperScannerConfigurer$Scanner -Skipping MapperFactoryBean with name 'partrolManMapper' and 'com.cabletech.business.mapper.information.PartrolManMapper' mapperInterface. Bean already defined with the same name!
2011-12-07 09:02:34,674 [main] WARN  g.mapper.MapperScannerConfigurer$Scanner -Skipping MapperFactoryBean with name 'patrolGroupMapper' and 'com.cabletech.business.mapper.information.PatrolGroupMapper' mapperInterface. Bean already defined with the same name!
2011-12-07 09:02:34,674 [main] WARN  g.mapper.MapperScannerConfigurer$Scanner -Skipping MapperFactoryBean with name 'simCardMapper' and 'com.cabletech.business.mapper.information.SimCardMapper' mapperInterface. Bean already defined with the same name!
2011-12-07 09:02:34,674 [main] WARN  g.mapper.MapperScannerConfigurer$Scanner -Skipping MapperFactoryBean with name 'staffMapper' and 'com.cabletech.business.mapper.information.StaffMapper' mapperInterface. Bean already defined with the same name!
2011-12-07 09:02:34,674 [main] WARN  g.mapper.MapperScannerConfigurer$Scanner -Skipping MapperFactoryBean with name 'terminalInfoMapper' and 'com.cabletech.business.mapper.information.TerminalInfoMapper' mapperInterface. Bean already defined with the same name!
2011-12-07 09:02:34,674 [main] WARN  g.mapper.MapperScannerConfigurer$Scanner -No MyBatis mapper was found in 'com.cabletech.business.mapper' package. Please check your configuration.
2011-12-07 09:02:34,878 [main] INFO  ctory.support.DefaultListableBeanFactory -Pre-instantiating singletons in org.springframework.beans.factory.support.DefaultListableBeanFactory@1293677: defining beans [org.springframework.context.annotation.internalConfigurationAnnotationProcessor,org.springframework.context.annotation.internalAutowiredAnnotationProcessor,org.springframework.context.annotation.internalRequiredAnnotationProcessor,org.springframework.context.annotation.internalCommonAnnotationProcessor,actionLoggerServiceImpl,baseMenuServiceImpl,baseOrganizeServiceImpl,baseOrgRegionServiceImpl,baseOrgRelServiceImpl,basePermissionItemServiceImpl,basePermissionScopeServiceImpl,baseRegionServiceImpl,baseRoleServiceImpl,baseSysDictionaryServiceImpl,baseUserServiceImpl,fileLoadServiceImpl,loginServiceImpl,departmentServiceImpl,organizeExtendServiceImpl,orgAptitudeServiceImpl,orgContractServiceImpl,partrolManServiceImpl,patrolGroupServiceImpl,simCardServiceImpl,staffServiceImpl,terminalInfoServiceImpl,excelCommonExportTool,excelIOTemplateTool,propertiesFileUtils,uploadFilesUtil,dddddd,org.springframework.beans.factory.config.PropertyPlaceholderConfigurer#0,actionLoggerEntity,afterlog,org.springframework.aop.framework.autoproxy.BeanNameAutoProxyCreator#0,config,dataSource,sqlSessionFactory,sqlSession,org.mybatis.spring.mapper.MapperScannerConfigurer#0,org.mybatis.spring.mapper.MapperScannerConfigurer#1,baseMapper,actionLoggerMapper,baseMenuMapper,baseOrganizeMapper,baseOrgRegionMapper,baseOrgRelMapper,basePermissionItemMapper,basePermissionScopeMapper,baseRegionMapper,baseRoleMapper,baseSysDictionaryMapper,baseUserMapper,fileLoadMapper,loginMapper,departmentMapper,organizeExtendMapper,orgAptitudeMapper,orgContractMapper,partrolManMapper,patrolGroupMapper,simCardMapper,staffMapper,terminalInfoMapper]; root of factory hierarchy
2011-12-07 09:02:35,128 [main] INFO  pringframework.web.context.ContextLoader -Root WebApplicationContext: initialization completed in 7031 ms
2011-12-07 09:02:35,721 [main] INFO  onfig.providers.XmlConfigurationProvider -Parsing configuration file [struts-default.xml]
2011-12-07 09:02:36,190 [main] INFO  onfig.providers.XmlConfigurationProvider -Parsing configuration file [struts-plugin.xml]
2011-12-07 09:02:36,299 [main] INFO  onfig.providers.XmlConfigurationProvider -Parsing configuration file [struts.xml]
2011-12-07 09:02:36,314 [main] INFO  che.struts2.config.BeanSelectionProvider -Choosing bean (spring) for class com.opensymphony.xwork2.ObjectFactory
2011-12-07 09:02:36,314 [main] INFO  che.struts2.config.BeanSelectionProvider -Choosing bean (struts) for class com.opensymphony.xwork2.conversion.impl.XWorkConverter
2011-12-07 09:02:36,314 [main] INFO  che.struts2.config.BeanSelectionProvider -Choosing bean (struts) for interface com.opensymphony.xwork2.TextProvider
2011-12-07 09:02:36,314 [main] INFO  che.struts2.config.BeanSelectionProvider -Choosing bean (struts) for interface com.opensymphony.xwork2.ActionProxyFactory
2011-12-07 09:02:36,314 [main] INFO  che.struts2.config.BeanSelectionProvider -Choosing bean (struts) for interface com.opensymphony.xwork2.conversion.ObjectTypeDeterminer
2011-12-07 09:02:36,314 [main] INFO  che.struts2.config.BeanSelectionProvider -Choosing bean (struts) for interface org.apache.struts2.dispatcher.mapper.ActionMapper
2011-12-07 09:02:36,314 [main] INFO  che.struts2.config.BeanSelectionProvider -Choosing bean (jakarta) for interface org.apache.struts2.dispatcher.multipart.MultiPartRequest
2011-12-07 09:02:36,314 [main] INFO  che.struts2.config.BeanSelectionProvider -Choosing bean (struts) for class org.apache.struts2.views.freemarker.FreemarkerManager
2011-12-07 09:02:36,314 [main] INFO  che.struts2.config.BeanSelectionProvider -Choosing bean (struts) for interface org.apache.struts2.components.UrlRenderer
2011-12-07 09:02:36,314 [main] INFO  che.struts2.config.BeanSelectionProvider -Choosing bean (struts) for interface com.opensymphony.xwork2.validator.ActionValidatorManager
2011-12-07 09:02:36,314 [main] INFO  che.struts2.config.BeanSelectionProvider -Choosing bean (struts) for interface com.opensymphony.xwork2.util.ValueStackFactory
2011-12-07 09:02:36,314 [main] INFO  che.struts2.config.BeanSelectionProvider -Choosing bean (struts) for interface com.opensymphony.xwork2.util.reflection.ReflectionProvider
2011-12-07 09:02:36,314 [main] INFO  che.struts2.config.BeanSelectionProvider -Choosing bean (struts) for interface com.opensymphony.xwork2.util.reflection.ReflectionContextFactory
2011-12-07 09:02:36,314 [main] INFO  che.struts2.config.BeanSelectionProvider -Choosing bean (struts) for interface com.opensymphony.xwork2.util.PatternMatcher
2011-12-07 09:02:36,314 [main] INFO  che.struts2.config.BeanSelectionProvider -Choosing bean (struts) for interface org.apache.struts2.dispatcher.StaticContentLoader
2011-12-07 09:02:36,314 [main] INFO  che.struts2.config.BeanSelectionProvider -Choosing bean (struts) for interface com.opensymphony.xwork2.UnknownHandlerManager
2011-12-07 09:02:36,330 [main] INFO  che.struts2.config.BeanSelectionProvider -Loading global messages from i18n.struts2
2011-12-07 09:02:36,689 [main] INFO  struts2.spring.StrutsSpringObjectFactory -Initializing Struts-Spring integration...
2011-12-07 09:02:36,689 [main] INFO  mphony.xwork2.spring.SpringObjectFactory -Setting autowire strategy to name
2011-12-07 09:02:36,689 [main] INFO  struts2.spring.StrutsSpringObjectFactory -... initialized Struts-Spring integration successfully
2011-12-07 09:10:51,905 [main] INFO  context.support.XmlWebApplicationContext -Closing Root WebApplicationContext: startup date [Wed Dec 07 09:02:28 CST 2011]; root of context hierarchy
2011-12-07 09:10:51,905 [main] INFO  ctory.support.DefaultListableBeanFactory -Destroying singletons in org.springframework.beans.factory.support.DefaultListableBeanFactory@1293677: defining beans [org.springframework.context.annotation.internalConfigurationAnnotationProcessor,org.springframework.context.annotation.internalAutowiredAnnotationProcessor,org.springframework.context.annotation.internalRequiredAnnotationProcessor,org.springframework.context.annotation.internalCommonAnnotationProcessor,actionLoggerServiceImpl,baseMenuServiceImpl,baseOrganizeServiceImpl,baseOrgRegionServiceImpl,baseOrgRelServiceImpl,basePermissionItemServiceImpl,basePermissionScopeServiceImpl,baseRegionServiceImpl,baseRoleServiceImpl,baseSysDictionaryServiceImpl,baseUserServiceImpl,fileLoadServiceImpl,loginServiceImpl,departmentServiceImpl,organizeExtendServiceImpl,orgAptitudeServiceImpl,orgContractServiceImpl,partrolManServiceImpl,patrolGroupServiceImpl,simCardServiceImpl,staffServiceImpl,terminalInfoServiceImpl,excelCommonExportTool,excelIOTemplateTool,propertiesFileUtils,uploadFilesUtil,dddddd,org.springframework.beans.factory.config.PropertyPlaceholderConfigurer#0,actionLoggerEntity,afterlog,org.springframework.aop.framework.autoproxy.BeanNameAutoProxyCreator#0,config,dataSource,sqlSessionFactory,sqlSession,org.mybatis.spring.mapper.MapperScannerConfigurer#0,org.mybatis.spring.mapper.MapperScannerConfigurer#1,baseMapper,actionLoggerMapper,baseMenuMapper,baseOrganizeMapper,baseOrgRegionMapper,baseOrgRelMapper,basePermissionItemMapper,basePermissionScopeMapper,baseRegionMapper,baseRoleMapper,baseSysDictionaryMapper,baseUserMapper,fileLoadMapper,loginMapper,departmentMapper,organizeExtendMapper,orgAptitudeMapper,orgContractMapper,partrolManMapper,patrolGroupMapper,simCardMapper,staffMapper,terminalInfoMapper]; root of factory hierarchy
2011-12-07 09:16:03,477 [main] INFO  pringframework.web.context.ContextLoader -Root WebApplicationContext: initialization started
2011-12-07 09:16:03,603 [main] INFO  context.support.XmlWebApplicationContext -Refreshing Root WebApplicationContext: startup date [Wed Dec 07 09:16:03 CST 2011]; root of context hierarchy
2011-12-07 09:16:03,790 [main] INFO  eans.factory.xml.XmlBeanDefinitionReader -Loading XML bean definitions from URL [file:/D:/Java/tomcat-6.0.33/webapps/CommonContractor/WEB-INF/classes/applicationContext.xml]
2011-12-07 09:16:04,290 [main] INFO  eans.factory.xml.XmlBeanDefinitionReader -Loading XML bean definitions from URL [file:/D:/Java/tomcat-6.0.33/webapps/CommonContractor/WEB-INF/classes/applicationContext-config.xml]
2011-12-07 09:16:04,305 [main] INFO  eans.factory.xml.XmlBeanDefinitionReader -Loading XML bean definitions from URL [file:/D:/Java/tomcat-6.0.33/webapps/CommonContractor/WEB-INF/classes/applicationContext-datasource.xml]
2011-12-07 09:16:04,336 [main] INFO  eans.factory.xml.XmlBeanDefinitionReader -Loading XML bean definitions from URL [file:/D:/Java/tomcat-6.0.33/webapps/CommonContractor/WEB-INF/classes/applicationContext-transaction.xml]
2011-12-07 09:16:04,352 [main] INFO  eans.factory.xml.XmlBeanDefinitionReader -Loading XML bean definitions from URL [file:/D:/Java/tomcat-6.0.33/webapps/CommonContractor/WEB-INF/classes/applicationContext-mybatis.xml]
2011-12-07 09:16:04,368 [main] INFO  ctory.support.DefaultListableBeanFactory -Overriding bean definition for bean 'sqlSessionFactory': replacing [Generic bean: class [org.mybatis.spring.SqlSessionFactoryBean]; scope=; abstract=false; lazyInit=true; autowireMode=0; dependencyCheck=0; autowireCandidate=true; primary=false; factoryBeanName=null; factoryMethodName=null; initMethodName=null; destroyMethodName=null; defined in URL [file:/D:/Java/tomcat-6.0.33/webapps/CommonContractor/WEB-INF/classes/applicationContext-transaction.xml]] with [Generic bean: class [org.mybatis.spring.SqlSessionFactoryBean]; scope=; abstract=false; lazyInit=true; autowireMode=0; dependencyCheck=0; autowireCandidate=true; primary=false; factoryBeanName=null; factoryMethodName=null; initMethodName=null; destroyMethodName=null; defined in URL [file:/D:/Java/tomcat-6.0.33/webapps/CommonContractor/WEB-INF/classes/applicationContext-mybatis.xml]]
2011-12-07 09:16:04,368 [main] INFO  ctory.support.DefaultListableBeanFactory -Overriding bean definition for bean 'sqlSession': replacing [Generic bean: class [org.mybatis.spring.SqlSessionTemplate]; scope=; abstract=false; lazyInit=true; autowireMode=0; dependencyCheck=0; autowireCandidate=true; primary=false; factoryBeanName=null; factoryMethodName=null; initMethodName=null; destroyMethodName=null; defined in URL [file:/D:/Java/tomcat-6.0.33/webapps/CommonContractor/WEB-INF/classes/applicationContext-transaction.xml]] with [Generic bean: class [org.mybatis.spring.SqlSessionTemplate]; scope=; abstract=false; lazyInit=true; autowireMode=0; dependencyCheck=0; autowireCandidate=true; primary=false; factoryBeanName=null; factoryMethodName=null; initMethodName=null; destroyMethodName=null; defined in URL [file:/D:/Java/tomcat-6.0.33/webapps/CommonContractor/WEB-INF/classes/applicationContext-mybatis.xml]]
2011-12-07 09:16:05,272 [main] INFO  ory.config.PropertyPlaceholderConfigurer -Loading properties file from URL [file:/D:/Java/tomcat-6.0.33/webapps/CommonContractor/WEB-INF/classes/application.properties]
2011-12-07 09:16:07,017 [main] WARN  g.mapper.MapperScannerConfigurer$Scanner -Skipping MapperFactoryBean with name 'actionLoggerMapper' and 'com.cabletech.business.mapper.actionlog.ActionLoggerMapper' mapperInterface. Bean already defined with the same name!
2011-12-07 09:16:07,017 [main] WARN  g.mapper.MapperScannerConfigurer$Scanner -Skipping MapperFactoryBean with name 'baseMenuMapper' and 'com.cabletech.business.mapper.commonauthority.BaseMenuMapper' mapperInterface. Bean already defined with the same name!
2011-12-07 09:16:07,017 [main] WARN  g.mapper.MapperScannerConfigurer$Scanner -Skipping MapperFactoryBean with name 'baseOrganizeMapper' and 'com.cabletech.business.mapper.commonauthority.BaseOrganizeMapper' mapperInterface. Bean already defined with the same name!
2011-12-07 09:16:07,017 [main] WARN  g.mapper.MapperScannerConfigurer$Scanner -Skipping MapperFactoryBean with name 'baseOrgRegionMapper' and 'com.cabletech.business.mapper.commonauthority.BaseOrgRegionMapper' mapperInterface. Bean already defined with the same name!
2011-12-07 09:16:07,017 [main] WARN  g.mapper.MapperScannerConfigurer$Scanner -Skipping MapperFactoryBean with name 'baseOrgRelMapper' and 'com.cabletech.business.mapper.commonauthority.BaseOrgRelMapper' mapperInterface. Bean already defined with the same name!
2011-12-07 09:16:07,027 [main] WARN  g.mapper.MapperScannerConfigurer$Scanner -Skipping MapperFactoryBean with name 'basePermissionItemMapper' and 'com.cabletech.business.mapper.commonauthority.BasePermissionItemMapper' mapperInterface. Bean already defined with the same name!
2011-12-07 09:16:07,027 [main] WARN  g.mapper.MapperScannerConfigurer$Scanner -Skipping MapperFactoryBean with name 'basePermissionScopeMapper' and 'com.cabletech.business.mapper.commonauthority.BasePermissionScopeMapper' mapperInterface. Bean already defined with the same name!
2011-12-07 09:16:07,027 [main] WARN  g.mapper.MapperScannerConfigurer$Scanner -Skipping MapperFactoryBean with name 'baseRegionMapper' and 'com.cabletech.business.mapper.commonauthority.BaseRegionMapper' mapperInterface. Bean already defined with the same name!
2011-12-07 09:16:07,027 [main] WARN  g.mapper.MapperScannerConfigurer$Scanner -Skipping MapperFactoryBean with name 'baseRoleMapper' and 'com.cabletech.business.mapper.commonauthority.BaseRoleMapper' mapperInterface. Bean already defined with the same name!
2011-12-07 09:16:07,027 [main] WARN  g.mapper.MapperScannerConfigurer$Scanner -Skipping MapperFactoryBean with name 'baseSysDictionaryMapper' and 'com.cabletech.business.mapper.commonauthority.BaseSysDictionaryMapper' mapperInterface. Bean already defined with the same name!
2011-12-07 09:16:07,027 [main] WARN  g.mapper.MapperScannerConfigurer$Scanner -Skipping MapperFactoryBean with name 'baseUserMapper' and 'com.cabletech.business.mapper.commonauthority.BaseUserMapper' mapperInterface. Bean already defined with the same name!
2011-12-07 09:16:07,027 [main] WARN  g.mapper.MapperScannerConfigurer$Scanner -Skipping MapperFactoryBean with name 'fileLoadMapper' and 'com.cabletech.business.mapper.commonauthority.FileLoadMapper' mapperInterface. Bean already defined with the same name!
2011-12-07 09:16:07,027 [main] WARN  g.mapper.MapperScannerConfigurer$Scanner -Skipping MapperFactoryBean with name 'loginMapper' and 'com.cabletech.business.mapper.commonauthority.LoginMapper' mapperInterface. Bean already defined with the same name!
2011-12-07 09:16:07,027 [main] WARN  g.mapper.MapperScannerConfigurer$Scanner -Skipping MapperFactoryBean with name 'departmentMapper' and 'com.cabletech.business.mapper.information.DepartmentMapper' mapperInterface. Bean already defined with the same name!
2011-12-07 09:16:07,027 [main] WARN  g.mapper.MapperScannerConfigurer$Scanner -Skipping MapperFactoryBean with name 'organizeExtendMapper' and 'com.cabletech.business.mapper.information.OrganizeExtendMapper' mapperInterface. Bean already defined with the same name!
2011-12-07 09:16:07,027 [main] WARN  g.mapper.MapperScannerConfigurer$Scanner -Skipping MapperFactoryBean with name 'orgAptitudeMapper' and 'com.cabletech.business.mapper.information.OrgAptitudeMapper' mapperInterface. Bean already defined with the same name!
2011-12-07 09:16:07,027 [main] WARN  g.mapper.MapperScannerConfigurer$Scanner -Skipping MapperFactoryBean with name 'orgContractMapper' and 'com.cabletech.business.mapper.information.OrgContractMapper' mapperInterface. Bean already defined with the same name!
2011-12-07 09:16:07,027 [main] WARN  g.mapper.MapperScannerConfigurer$Scanner -Skipping MapperFactoryBean with name 'partrolManMapper' and 'com.cabletech.business.mapper.information.PartrolManMapper' mapperInterface. Bean already defined with the same name!
2011-12-07 09:16:07,027 [main] WARN  g.mapper.MapperScannerConfigurer$Scanner -Skipping MapperFactoryBean with name 'patrolGroupMapper' and 'com.cabletech.business.mapper.information.PatrolGroupMapper' mapperInterface. Bean already defined with the same name!
2011-12-07 09:16:07,027 [main] WARN  g.mapper.MapperScannerConfigurer$Scanner -Skipping MapperFactoryBean with name 'simCardMapper' and 'com.cabletech.business.mapper.information.SimCardMapper' mapperInterface. Bean already defined with the same name!
2011-12-07 09:16:07,027 [main] WARN  g.mapper.MapperScannerConfigurer$Scanner -Skipping MapperFactoryBean with name 'staffMapper' and 'com.cabletech.business.mapper.information.StaffMapper' mapperInterface. Bean already defined with the same name!
2011-12-07 09:16:07,027 [main] WARN  g.mapper.MapperScannerConfigurer$Scanner -Skipping MapperFactoryBean with name 'terminalInfoMapper' and 'com.cabletech.business.mapper.information.TerminalInfoMapper' mapperInterface. Bean already defined with the same name!
2011-12-07 09:16:07,027 [main] WARN  g.mapper.MapperScannerConfigurer$Scanner -No MyBatis mapper was found in 'com.cabletech.business.mapper' package. Please check your configuration.
2011-12-07 09:16:07,148 [main] INFO  ctory.support.DefaultListableBeanFactory -Pre-instantiating singletons in org.springframework.beans.factory.support.DefaultListableBeanFactory@3c37f4: defining beans [org.springframework.context.annotation.internalConfigurationAnnotationProcessor,org.springframework.context.annotation.internalAutowiredAnnotationProcessor,org.springframework.context.annotation.internalRequiredAnnotationProcessor,org.springframework.context.annotation.internalCommonAnnotationProcessor,actionLoggerServiceImpl,baseMenuServiceImpl,baseOrganizeServiceImpl,baseOrgRegionServiceImpl,baseOrgRelServiceImpl,basePermissionItemServiceImpl,basePermissionScopeServiceImpl,baseRegionServiceImpl,baseRoleServiceImpl,baseSysDictionaryServiceImpl,baseUserServiceImpl,fileLoadServiceImpl,loginServiceImpl,departmentServiceImpl,organizeExtendServiceImpl,orgAptitudeServiceImpl,orgContractServiceImpl,partrolManServiceImpl,patrolGroupServiceImpl,simCardServiceImpl,staffServiceImpl,terminalInfoServiceImpl,excelCommonExportTool,excelIOTemplateTool,propertiesFileUtils,uploadFilesUtil,dddddd,org.springframework.beans.factory.config.PropertyPlaceholderConfigurer#0,actionLoggerEntity,afterlog,org.springframework.aop.framework.autoproxy.BeanNameAutoProxyCreator#0,config,dataSource,sqlSessionFactory,sqlSession,org.mybatis.spring.mapper.MapperScannerConfigurer#0,org.mybatis.spring.mapper.MapperScannerConfigurer#1,baseMapper,actionLoggerMapper,baseMenuMapper,baseOrganizeMapper,baseOrgRegionMapper,baseOrgRelMapper,basePermissionItemMapper,basePermissionScopeMapper,baseRegionMapper,baseRoleMapper,baseSysDictionaryMapper,baseUserMapper,fileLoadMapper,loginMapper,departmentMapper,organizeExtendMapper,orgAptitudeMapper,orgContractMapper,partrolManMapper,patrolGroupMapper,simCardMapper,staffMapper,terminalInfoMapper]; root of factory hierarchy
2011-12-07 09:16:07,328 [main] INFO  pringframework.web.context.ContextLoader -Root WebApplicationContext: initialization completed in 3851 ms
2011-12-07 09:16:07,618 [main] INFO  onfig.providers.XmlConfigurationProvider -Parsing configuration file [struts-default.xml]
2011-12-07 09:16:07,928 [main] INFO  onfig.providers.XmlConfigurationProvider -Parsing configuration file [struts-plugin.xml]
2011-12-07 09:16:07,988 [main] INFO  onfig.providers.XmlConfigurationProvider -Parsing configuration file [struts.xml]
2011-12-07 09:16:07,998 [main] INFO  che.struts2.config.BeanSelectionProvider -Choosing bean (spring) for class com.opensymphony.xwork2.ObjectFactory
2011-12-07 09:16:07,998 [main] INFO  che.struts2.config.BeanSelectionProvider -Choosing bean (struts) for class com.opensymphony.xwork2.conversion.impl.XWorkConverter
2011-12-07 09:16:07,998 [main] INFO  che.struts2.config.BeanSelectionProvider -Choosing bean (struts) for interface com.opensymphony.xwork2.TextProvider
2011-12-07 09:16:07,998 [main] INFO  che.struts2.config.BeanSelectionProvider -Choosing bean (struts) for interface com.opensymphony.xwork2.ActionProxyFactory
2011-12-07 09:16:07,998 [main] INFO  che.struts2.config.BeanSelectionProvider -Choosing bean (struts) for interface com.opensymphony.xwork2.conversion.ObjectTypeDeterminer
2011-12-07 09:16:07,998 [main] INFO  che.struts2.config.BeanSelectionProvider -Choosing bean (struts) for interface org.apache.struts2.dispatcher.mapper.ActionMapper
2011-12-07 09:16:07,998 [main] INFO  che.struts2.config.BeanSelectionProvider -Choosing bean (jakarta) for interface org.apache.struts2.dispatcher.multipart.MultiPartRequest
2011-12-07 09:16:07,998 [main] INFO  che.struts2.config.BeanSelectionProvider -Choosing bean (struts) for class org.apache.struts2.views.freemarker.FreemarkerManager
2011-12-07 09:16:07,998 [main] INFO  che.struts2.config.BeanSelectionProvider -Choosing bean (struts) for interface org.apache.struts2.components.UrlRenderer
2011-12-07 09:16:07,998 [main] INFO  che.struts2.config.BeanSelectionProvider -Choosing bean (struts) for interface com.opensymphony.xwork2.validator.ActionValidatorManager
2011-12-07 09:16:07,998 [main] INFO  che.struts2.config.BeanSelectionProvider -Choosing bean (struts) for interface com.opensymphony.xwork2.util.ValueStackFactory
2011-12-07 09:16:07,998 [main] INFO  che.struts2.config.BeanSelectionProvider -Choosing bean (struts) for interface com.opensymphony.xwork2.util.reflection.ReflectionProvider
2011-12-07 09:16:07,998 [main] INFO  che.struts2.config.BeanSelectionProvider -Choosing bean (struts) for interface com.opensymphony.xwork2.util.reflection.ReflectionContextFactory
2011-12-07 09:16:07,998 [main] INFO  che.struts2.config.BeanSelectionProvider -Choosing bean (struts) for interface com.opensymphony.xwork2.util.PatternMatcher
2011-12-07 09:16:07,998 [main] INFO  che.struts2.config.BeanSelectionProvider -Choosing bean (struts) for interface org.apache.struts2.dispatcher.StaticContentLoader
2011-12-07 09:16:07,998 [main] INFO  che.struts2.config.BeanSelectionProvider -Choosing bean (struts) for interface com.opensymphony.xwork2.UnknownHandlerManager
2011-12-07 09:16:08,008 [main] INFO  che.struts2.config.BeanSelectionProvider -Loading global messages from i18n.struts2
2011-12-07 09:16:08,269 [main] INFO  struts2.spring.StrutsSpringObjectFactory -Initializing Struts-Spring integration...
2011-12-07 09:16:08,269 [main] INFO  mphony.xwork2.spring.SpringObjectFactory -Setting autowire strategy to name
2011-12-07 09:16:08,269 [main] INFO  struts2.spring.StrutsSpringObjectFactory -... initialized Struts-Spring integration successfully
2011-12-07 09:17:59,106 [main] INFO  context.support.XmlWebApplicationContext -Closing Root WebApplicationContext: startup date [Wed Dec 07 09:16:03 CST 2011]; root of context hierarchy
2011-12-07 09:17:59,106 [main] INFO  ctory.support.DefaultListableBeanFactory -Destroying singletons in org.springframework.beans.factory.support.DefaultListableBeanFactory@3c37f4: defining beans [org.springframework.context.annotation.internalConfigurationAnnotationProcessor,org.springframework.context.annotation.internalAutowiredAnnotationProcessor,org.springframework.context.annotation.internalRequiredAnnotationProcessor,org.springframework.context.annotation.internalCommonAnnotationProcessor,actionLoggerServiceImpl,baseMenuServiceImpl,baseOrganizeServiceImpl,baseOrgRegionServiceImpl,baseOrgRelServiceImpl,basePermissionItemServiceImpl,basePermissionScopeServiceImpl,baseRegionServiceImpl,baseRoleServiceImpl,baseSysDictionaryServiceImpl,baseUserServiceImpl,fileLoadServiceImpl,loginServiceImpl,departmentServiceImpl,organizeExtendServiceImpl,orgAptitudeServiceImpl,orgContractServiceImpl,partrolManServiceImpl,patrolGroupServiceImpl,simCardServiceImpl,staffServiceImpl,terminalInfoServiceImpl,excelCommonExportTool,excelIOTemplateTool,propertiesFileUtils,uploadFilesUtil,dddddd,org.springframework.beans.factory.config.PropertyPlaceholderConfigurer#0,actionLoggerEntity,afterlog,org.springframework.aop.framework.autoproxy.BeanNameAutoProxyCreator#0,config,dataSource,sqlSessionFactory,sqlSession,org.mybatis.spring.mapper.MapperScannerConfigurer#0,org.mybatis.spring.mapper.MapperScannerConfigurer#1,baseMapper,actionLoggerMapper,baseMenuMapper,baseOrganizeMapper,baseOrgRegionMapper,baseOrgRelMapper,basePermissionItemMapper,basePermissionScopeMapper,baseRegionMapper,baseRoleMapper,baseSysDictionaryMapper,baseUserMapper,fileLoadMapper,loginMapper,departmentMapper,organizeExtendMapper,orgAptitudeMapper,orgContractMapper,partrolManMapper,patrolGroupMapper,simCardMapper,staffMapper,terminalInfoMapper]; root of factory hierarchy
